$ D:\python.exe -u -m models.train_gnn --data data/run2
started 2026-06-11 23:33:53.503184+00:00

graph: 20,000 users, 188,770 ips, 29,487 devices, 11,273 payments, 237,792 edges
training 300 epochs full-batch (cuda)...
D:\codes\Behavioral Abuse Detection for AI platforms\Behavioral Absue Detection Code\models\train_gnn.py:155: UserWarning: Converting a tensor with requires_grad=True to a scalar may lead to unexpected behavior.
Consider using tensor.detach() first. (Triggered internally at C:\actions-runner\_work\pytorch\pytorch\torch\csrc\autograd\generated\python_variable_methods.cpp:839.)
  print(f"  epoch {epoch + 1}: loss {float(loss):.4f}")
  epoch 50: loss 0.0880
  epoch 100: loss 0.0360
  epoch 150: loss 0.0136
  epoch 200: loss 0.0072
  epoch 250: loss 0.0044
  epoch 300: loss 0.0032

=== hetero GraphSAGE (test n=6,000) ===
class            support   PR-AUC  XGB PR-AUC
account_farmer       120    1.000       1.000
normal              5520    0.998       1.000
prompt_sprayer       120    0.852       0.949
spam_bot             180    0.982       0.991
token_thief           60    1.000       1.000
abuse-vs-normal PR-AUC: 0.967

abuse PR-AUC by attacker evasion level:
  e in [0.00,0.33): PR-AUC 0.986  (n=124)
  e in [0.33,0.66): PR-AUC 0.963  (n=152)
  e in [0.66,1.01): PR-AUC 0.931  (n=204)
saved scores + model to data/run2\gnn

exit code 0, 17.0s
