$ D:\python.exe -u -m models.spray_detect --data data/run2
started 2026-06-11 23:13:17.407141+00:00

embedding 920 unique prompts on cuda...
Warning: You are sending unauthenticated requests to the HF Hub. Please set a HF_TOKEN to enable higher rate limits and faster downloads.

Loading weights:   0%|          | 0/103 [00:00<?, ?it/s]
Loading weights: 100%|##########| 103/103 [00:00<00:00, 4319.57it/s]

flagged 23/96 embedding clusters as campaigns:
  cluster  18:  16,062 events,  397 accts, tight 0.87, truth=jb_ignore (66% pure)
  cluster  39:  14,235 events,  214 accts, tight 0.94, truth=spam_crypto (100% pure)
  cluster  93:  14,214 events,  213 accts, tight 0.88, truth=spam_crypto (100% pure)
  cluster  80:  14,163 events,  215 accts, tight 0.92, truth=spam_crypto (100% pure)
  cluster  56:  12,867 events,  200 accts, tight 0.98, truth=ext_distill (100% pure)
  cluster  74:  11,226 events,  368 accts, tight 0.83, truth=spam_seo (100% pure)
  cluster  82:  11,075 events,  368 accts, tight 0.91, truth=spam_seo (100% pure)
  cluster  70:  10,640 events,  396 accts, tight 0.91, truth=jb_hypothetical (100% pure)
  cluster   6:   6,724 events,  316 accts, tight 0.91, truth=spam_outreach (100% pure)
  cluster  92:   5,531 events,  333 accts, tight 0.92, truth=spam_seo (100% pure)
  cluster  87:   5,523 events,  342 accts, tight 0.90, truth=spam_seo (100% pure)
  cluster  38:   5,401 events,  390 accts, tight 0.99, truth=jb_encoding (100% pure)

=== spray/campaign detection ===
flagged accounts: 1,146 (precision vs sprayer+spam: 0.724)
  prompt_sprayer   flagged   398 /   400
  spam_bot         flagged   432 /   600
  normal           flagged     0 / 18400
  slow sprayers (e>0.6): flagged 161 / 163  <- invisible to tabular baseline
saved flags to data/run2\spray

exit code 0, 17.5s
